0001_0007_0025_0050_0050.jpg 1 7 25 50 50
0002_0014_0029_0035_0035.jpg 1 14 29 35 35
0003_0026_0035_0057_0057.jpg 1 26 35 57 57
0004_0017_0021_0044_0044.jpg 1 17 21 44 44
0005_0046_0013_0037_0037.jpg 1 46 13 37 37
0006_0040_0045_0026_0026.jpg 1 40 45 26 26
0007_0022_0019_0061_0061.jpg 1 22 19 61 61
0008_0011_0036_0027_0027.jpg 1 11 36 27 27
0009_0025_0022_0054_0054.jpg 1 25 22 54 54
0010_0020_0027_0044_0044.jpg 1 20 27 44 44
0011_0064_0041_0026_0026.jpg 1 64 41 26 26
0012_0022_0043_0029_0029.jpg 1 22 43 29 29
0013_0019_0034_0030_0030.jpg 1 19 34 30 30
0014_0029_0005_0064_0064.jpg 1 29 5 64 64
0015_0044_0036_0043_0043.jpg 1 44 36 43 43
0016_0037_0022_0048_0048.jpg 1 37 22 48 48
0017_0005_0008_0053_0053.jpg 1 5 8 53 53
0018_0053_0040_0037_0037.jpg 1 53 40 37 37
0019_0048_0021_0032_0032.jpg 1 48 21 32 32
0020_0037_0010_0024_0024.jpg 1 37 10 24 24
0021_0006_0026_0054_0054.jpg 1 6 26 54 54
0022_0023_0032_0053_0053.jpg 1 23 32 53 53
0023_0015_0037_0054_0054.jpg 1 15 37 54 54
0024_0012_0033_0037_0037.jpg 1 12 33 37 37
0025_0006_0036_0046_0046.jpg 1 6 36 46 46
0026_0017_0026_0068_0068.jpg 1 17 26 68 68
0027_0016_0033_0049_0049.jpg 1 16 33 49 49
0028_0054_0038_0024_0024.jpg 1 54 38 24 24
0029_0033_0040_0050_0050.jpg 1 33 40 50 50
0030_0006_0005_0055_0055.jpg 1 6 5 55 55
0031_0011_0030_0037_0037.jpg 1 11 30 37 37
0032_0014_0062_0029_0029.jpg 1 14 62 29 29
0033_0033_0047_0035_0035.jpg 1 33 47 35 35
0034_0010_0021_0037_0037.jpg 1 10 21 37 37
0035_0040_0011_0034_0034.jpg 1 40 11 34 34
0036_0026_0026_0064_0064.jpg 1 26 26 64 64
0037_0032_0010_0056_0056.jpg 1 32 10 56 56
0038_0016_0034_0062_0062.jpg 1 16 34 62 62
0039_0021_0006_0039_0039.jpg 1 21 6 39 39
0040_0008_0047_0031_0031.jpg 1 8 47 31 31
0041_0026_0024_0068_0068.jpg 1 26 24 68 68
0042_0013_0039_0031_0031.jpg 1 13 39 31 31
0043_0005_0012_0055_0055.jpg 1 5 12 55 55
0044_0037_0040_0025_0025.jpg 1 37 40 25 25
0045_0032_0041_0034_0034.jpg 1 32 41 34 34
0046_0008_0021_0059_0059.jpg 1 8 21 59 59
0047_0004_0017_0062_0062.jpg 1 4 17 62 62
0048_0058_0023_0033_0033.jpg 1 58 23 33 33
0049_0040_0031_0052_0052.jpg 1 40 31 52 52
0050_0019_0047_0028_0028.jpg 1 19 47 28 28
0051_0047_0009_0031_0031.jpg 1 47 9 31 31
0052_0037_0032_0026_0026.jpg 1 37 32 26 26
0053_0031_0018_0061_0061.jpg 1 31 18 61 61
0054_0034_0051_0041_0041.jpg 1 34 51 41 41
0055_0027_0024_0040_0040.jpg 1 27 24 40 40
0056_0061_0022_0028_0028.jpg 1 61 22 28 28
0057_0050_0017_0042_0042.jpg 1 50 17 42 42
0058_0041_0061_0024_0024.jpg 1 41 61 24 24
0059_0026_0009_0069_0069.jpg 1 26 9 69 69
0060_0033_0015_0042_0042.jpg 1 33 15 42 42
0061_0019_0028_0059_0059.jpg 1 19 28 59 59
0062_0010_0012_0058_0058.jpg 1 10 12 58 58
0063_0061_0024_0031_0031.jpg 1 61 24 31 31
0064_0025_0032_0050_0050.jpg 1 25 32 50 50
0065_0013_0025_0050_0050.jpg 1 13 25 50 50
0066_0033_0009_0053_0053.jpg 1 33 9 53 53
0067_0048_0034_0042_0042.jpg 1 48 34 42 42
0068_0028_0022_0059_0059.jpg 1 28 22 59 59
0069_0005_0008_0069_0069.jpg 1 5 8 69 69
0070_0018_0016_0057_0057.jpg 1 18 16 57 57
0071_0018_0010_0031_0031.jpg 1 18 10 31 31
0072_0030_0021_0036_0036.jpg 1 30 21 36 36
0073_0044_0049_0025_0025.jpg 1 44 49 25 25
0074_0014_0017_0050_0050.jpg 1 14 17 50 50
0075_0062_0058_0030_0030.jpg 1 62 58 30 30
0076_0009_0020_0054_0054.jpg 1 9 20 54 54
0077_0060_0033_0030_0030.jpg 1 60 33 30 30
0078_0017_0014_0055_0055.jpg 1 17 14 55 55
0079_0028_0054_0031_0031.jpg 1 28 54 31 31
0080_0010_0014_0068_0068.jpg 1 10 14 68 68
0081_0018_0024_0053_0053.jpg 1 18 24 53 53
0082_0014_0038_0041_0041.jpg 1 14 38 41 41
0083_0011_0012_0064_0064.jpg 1 11 12 64 64
0084_0007_0018_0044_0044.jpg 1 7 18 44 44
0085_0015_0040_0053_0053.jpg 1 15 40 53 53
0086_0006_0017_0068_0068.jpg 1 6 17 68 68
0087_0052_0034_0032_0032.jpg 1 52 34 32 32
0088_0012_0018_0069_0069.jpg 1 12 18 69 69
0089_0008_0015_0063_0063.jpg 1 8 15 63 63
0090_0043_0036_0046_0046.jpg 1 43 36 46 46
0091_0023_0011_0059_0059.jpg 1 23 11 59 59
0092_0017_0007_0068_0068.jpg 1 17 7 68 68
0093_0037_0043_0028_0028.jpg 1 37 43 28 28
0094_0018_0022_0048_0048.jpg 1 18 22 48 48
0095_0025_0021_0057_0057.jpg 1 25 21 57 57
0096_0025_0028_0062_0062.jpg 1 25 28 62 62
0097_0007_0014_0035_0035.jpg 1 7 14 35 35
0098_0031_0044_0038_0038.jpg 1 31 44 38 38
0099_0027_0005_0065_0065.jpg 1 27 5 65 65
0100_0012_0034_0047_0047.jpg 1 12 34 47 47
0101_0031_0010_0062_0062.jpg 1 31 10 62 62
0102_0012_0047_0040_0040.jpg 1 12 47 40 40
0103_0016_0038_0051_0051.jpg 1 16 38 51 51
0104_0013_0014_0060_0060.jpg 1 13 14 60 60
0105_0027_0039_0049_0049.jpg 1 27 39 49 49
0106_0019_0014_0065_0065.jpg 1 19 14 65 65
0107_0031_0048_0036_0036.jpg 1 31 48 36 36
0108_0045_0012_0046_0046.jpg 1 45 12 46 46
0109_0013_0016_0054_0054.jpg 1 13 16 54 54
0110_0047_0019_0036_0036.jpg 1 47 19 36 36
0111_0047_0013_0041_0041.jpg 1 47 13 41 41
0112_0023_0039_0045_0045.jpg 1 23 39 45 45
0113_0043_0032_0050_0050.jpg 1 43 32 50 50
0114_0023_0005_0063_0063.jpg 1 23 5 63 63
0115_0012_0028_0063_0063.jpg 1 12 28 63 63
0116_0040_0030_0051_0051.jpg 1 40 30 51 51
0117_0030_0018_0059_0059.jpg 1 30 18 59 59
0118_0059_0034_0025_0025.jpg 1 59 34 25 25
0119_0007_0015_0047_0047.jpg 1 7 15 47 47
0120_0012_0030_0065_0065.jpg 1 12 30 65 65
0121_0041_0009_0051_0051.jpg 1 41 9 51 51
0122_0030_0034_0046_0046.jpg 1 30 34 46 46
0123_0012_0010_0065_0065.jpg 1 12 10 65 65
0124_0025_0030_0025_0025.jpg 1 25 30 25 25
0125_0023_0056_0032_0032.jpg 1 23 56 32 32
0126_0010_0026_0041_0041.jpg 1 10 26 41 41
0127_0016_0038_0051_0051.jpg 1 16 38 51 51
0128_0029_0031_0051_0051.jpg 1 29 31 51 51
0129_0022_0028_0049_0049.jpg 1 22 28 49 49
0130_0009_0026_0033_0033.jpg 1 9 26 33 33
0131_0025_0011_0067_0067.jpg 1 25 11 67 67
0132_0050_0012_0028_0028.jpg 1 50 12 28 28
0133_0028_0056_0036_0036.jpg 1 28 56 36 36
0134_0011_0029_0038_0038.jpg 1 11 29 38 38
0135_0007_0015_0058_0058.jpg 1 7 15 58 58
0136_0017_0006_0068_0068.jpg 1 17 6 68 68
0137_0026_0022_0057_0057.jpg 1 26 22 57 57
0138_0027_0014_0061_0061.jpg 1 27 14 61 61
0139_0030_0026_0038_0038.jpg 1 30 26 38 38
0140_0033_0027_0057_0057.jpg 1 33 27 57 57
0141_0019_0026_0049_0049.jpg 1 19 26 49 49
0142_0011_0005_0069_0069.jpg 1 11 5 69 69
0143_0042_0020_0052_0052.jpg 1 42 20 52 52
0144_0024_0008_0047_0047.jpg 1 24 8 47 47
0145_0029_0018_0032_0032.jpg 1 29 18 32 32
0146_0063_0044_0027_0027.jpg 1 63 44 27 27
0147_0022_0020_0056_0056.jpg 1 22 20 56 56
0148_0028_0029_0034_0034.jpg 1 28 29 34 34
0149_0007_0022_0068_0068.jpg 1 7 22 68 68
0150_0036_0033_0049_0049.jpg 1 36 33 49 49
0151_0035_0030_0058_0058.jpg 1 35 30 58 58
0152_0037_0023_0050_0050.jpg 1 37 23 50 50
0153_0038_0020_0045_0045.jpg 1 38 20 45 45
0154_0008_0042_0040_0040.jpg 1 8 42 40 40
0155_0030_0012_0034_0034.jpg 1 30 12 34 34
0156_0010_0036_0031_0031.jpg 1 10 36 31 31
0157_0055_0052_0037_0037.jpg 1 55 52 37 37
0158_0017_0025_0066_0066.jpg 1 17 25 66 66
0159_0025_0038_0047_0047.jpg 1 25 38 47 47
0160_0004_0024_0054_0054.jpg 1 4 24 54 54
0161_0062_0039_0030_0030.jpg 1 62 39 30 30
0162_0008_0029_0063_0063.jpg 1 8 29 63 63
0163_0037_0037_0053_0053.jpg 1 37 37 53 53
0164_0015_0035_0056_0056.jpg 1 15 35 56 56
0165_0007_0029_0045_0045.jpg 1 7 29 45 45
0166_0007_0004_0065_0065.jpg 1 7 4 65 65
0167_0022_0053_0026_0026.jpg 1 22 53 26 26
0168_0014_0035_0053_0053.jpg 1 14 35 53 53
0169_0043_0056_0026_0026.jpg 1 43 56 26 26
0170_0061_0039_0025_0025.jpg 1 61 39 25 25
0171_0022_0044_0039_0039.jpg 1 22 44 39 39
0172_0013_0022_0068_0068.jpg 1 13 22 68 68
0173_0021_0003_0068_0068.jpg 1 21 3 68 68
0174_0033_0014_0028_0028.jpg 1 33 14 28 28
0175_0049_0047_0037_0037.jpg 1 49 47 37 37
0176_0029_0038_0051_0051.jpg 1 29 38 51 51
0177_0016_0032_0059_0059.jpg 1 16 32 59 59
0178_0056_0034_0037_0037.jpg 1 56 34 37 37
0179_0031_0014_0058_0058.jpg 1 31 14 58 58
0180_0038_0028_0041_0041.jpg 1 38 28 41 41
0181_0018_0032_0061_0061.jpg 1 18 32 61 61
0182_0015_0049_0038_0038.jpg 1 15 49 38 38
0183_0031_0026_0059_0059.jpg 1 31 26 59 59
0184_0008_0008_0059_0059.jpg 1 8 8 59 59
0185_0013_0008_0037_0037.jpg 1 13 8 37 37
0186_0013_0036_0059_0059.jpg 1 13 36 59 59
0187_0021_0030_0051_0051.jpg 1 21 30 51 51
0188_0005_0018_0069_0069.jpg 1 5 18 69 69
0189_0066_0022_0026_0026.jpg 1 66 22 26 26
0190_0035_0006_0048_0048.jpg 1 35 6 48 48
0191_0047_0043_0026_0026.jpg 1 47 43 26 26
0192_0028_0026_0057_0057.jpg 1 28 26 57 57
0193_0049_0025_0036_0036.jpg 1 49 25 36 36
0194_0010_0018_0044_0044.jpg 1 10 18 44 44
0195_0028_0021_0067_0067.jpg 1 28 21 67 67
0196_0015_0035_0044_0044.jpg 1 15 35 44 44
0197_0009_0008_0067_0067.jpg 1 9 8 67 67
0198_0004_0025_0057_0057.jpg 1 4 25 57 57
0199_0033_0038_0029_0029.jpg 1 33 38 29 29
0200_0040_0019_0052_0052.jpg 1 40 19 52 52
0201_0017_0029_0059_0059.jpg 1 17 29 59 59
0202_0030_0040_0026_0026.jpg 1 30 40 26 26
0203_0031_0012_0061_0061.jpg 1 31 12 61 61
0204_0044_0048_0039_0039.jpg 1 44 48 39 39
0205_0029_0056_0032_0032.jpg 1 29 56 32 32
0206_0043_0009_0032_0032.jpg 1 43 9 32 32
0207_0013_0033_0050_0050.jpg 1 13 33 50 50
0208_0013_0009_0068_0068.jpg 1 13 9 68 68
0209_0016_0027_0053_0053.jpg 1 16 27 53 53
0210_0023_0043_0043_0043.jpg 1 23 43 43 43
0211_0017_0039_0048_0048.jpg 1 17 39 48 48
0212_0030_0014_0059_0059.jpg 1 30 14 59 59
0213_0021_0019_0064_0064.jpg 1 21 19 64 64
0214_0023_0044_0027_0027.jpg 1 23 44 27 27
0215_0025_0035_0035_0035.jpg 1 25 35 35 35
0216_0038_0016_0026_0026.jpg 1 38 16 26 26
0217_0010_0021_0064_0064.jpg 1 10 21 64 64
0218_0007_0010_0056_0056.jpg 1 7 10 56 56
0219_0014_0011_0033_0033.jpg 1 14 11 33 33
0220_0042_0011_0031_0031.jpg 1 42 11 31 31
0221_0027_0025_0038_0038.jpg 1 27 25 38 38
0222_0026_0045_0036_0036.jpg 1 26 45 36 36
0223_0044_0019_0038_0038.jpg 1 44 19 38 38
0224_0023_0035_0029_0029.jpg 1 23 35 29 29
0225_0009_0023_0059_0059.jpg 1 9 23 59 59
0226_0003_0028_0066_0066.jpg 1 3 28 66 66
0227_0008_0017_0068_0068.jpg 1 8 17 68 68
0228_0009_0017_0067_0067.jpg 1 9 17 67 67
0229_0006_0012_0059_0059.jpg 1 6 12 59 59
0230_0041_0011_0049_0049.jpg 1 41 11 49 49
0231_0017_0040_0025_0025.jpg 1 17 40 25 25
0232_0031_0019_0061_0061.jpg 1 31 19 61 61
0233_0033_0047_0027_0027.jpg 1 33 47 27 27
0234_0019_0039_0039_0039.jpg 1 19 39 39 39
0235_0034_0062_0028_0028.jpg 1 34 62 28 28
0236_0036_0027_0049_0049.jpg 1 36 27 49 49
0237_0037_0047_0033_0033.jpg 1 37 47 33 33
0238_0032_0043_0025_0025.jpg 1 32 43 25 25
0239_0017_0042_0049_0049.jpg 1 17 42 49 49
0240_0019_0007_0026_0026.jpg 1 19 7 26 26
0241_0028_0014_0056_0056.jpg 1 28 14 56 56
0242_0018_0010_0033_0033.jpg 1 18 10 33 33
0243_0024_0017_0045_0045.jpg 1 24 17 45 45
0244_0041_0030_0043_0043.jpg 1 41 30 43 43
0245_0019_0017_0069_0069.jpg 1 19 17 69 69
0246_0006_0021_0069_0069.jpg 1 6 21 69 69
0247_0044_0028_0036_0036.jpg 1 44 28 36 36
0248_0027_0014_0053_0053.jpg 1 27 14 53 53
0249_0031_0015_0058_0058.jpg 1 31 15 58 58
0250_0026_0027_0045_0045.jpg 1 26 27 45 45
0251_0022_0007_0068_0068.jpg 1 22 7 68 68
0252_0030_0027_0028_0028.jpg 1 30 27 28 28
0253_0023_0037_0043_0043.jpg 1 23 37 43 43
0254_0010_0033_0055_0055.jpg 1 10 33 55 55
0255_0031_0018_0054_0054.jpg 1 31 18 54 54
0256_0021_0014_0065_0065.jpg 1 21 14 65 65
0257_0043_0043_0030_0030.jpg 1 43 43 30 30
0258_0033_0021_0056_0056.jpg 1 33 21 56 56
0259_0003_0007_0068_0068.jpg 1 3 7 68 68
0260_0014_0011_0059_0059.jpg 1 14 11 59 59
0261_0040_0032_0034_0034.jpg 1 40 32 34 34
0262_0053_0010_0040_0040.jpg 1 53 10 40 40
0263_0028_0016_0057_0057.jpg 1 28 16 57 57
0264_0030_0025_0046_0046.jpg 1 30 25 46 46
0265_0022_0032_0050_0050.jpg 1 22 32 50 50
0266_0024_0014_0063_0063.jpg 1 24 14 63 63
0267_0051_0057_0027_0027.jpg 1 51 57 27 27
0268_0007_0038_0056_0056.jpg 1 7 38 56 56
0269_0045_0033_0031_0031.jpg 1 45 33 31 31
0270_0016_0043_0044_0044.jpg 1 16 43 44 44
0271_0016_0004_0064_0064.jpg 1 16 4 64 64
0272_0038_0012_0055_0055.jpg 1 38 12 55 55
0273_0013_0033_0044_0044.jpg 1 13 33 44 44
0274_0009_0047_0024_0024.jpg 1 9 47 24 24
0275_0023_0029_0066_0066.jpg 1 23 29 66 66
0276_0049_0053_0037_0037.jpg 1 49 53 37 37
0277_0012_0015_0050_0050.jpg 1 12 15 50 50
0278_0012_0018_0049_0049.jpg 1 12 18 49 49
0279_0021_0033_0031_0031.jpg 1 21 33 31 31
0280_0041_0011_0048_0048.jpg 1 41 11 48 48
0281_0025_0021_0050_0050.jpg 1 25 21 50 50
0282_0015_0009_0042_0042.jpg 1 15 9 42 42
0283_0019_0049_0043_0043.jpg 1 19 49 43 43
0284_0031_0037_0052_0052.jpg 1 31 37 52 52
0285_0039_0036_0055_0055.jpg 1 39 36 55 55
0286_0029_0007_0059_0059.jpg 1 29 7 59 59
0287_0039_0012_0029_0029.jpg 1 39 12 29 29
0288_0038_0038_0039_0039.jpg 1 38 38 39 39
0289_0051_0031_0036_0036.jpg 1 51 31 36 36
0290_0016_0010_0065_0065.jpg 1 16 10 65 65
0291_0064_0053_0025_0025.jpg 1 64 53 25 25
0292_0013_0034_0033_0033.jpg 1 13 34 33 33
0293_0009_0026_0043_0043.jpg 1 9 26 43 43
0294_0022_0060_0028_0028.jpg 1 22 60 28 28
0295_0058_0016_0026_0026.jpg 1 58 16 26 26
0296_0027_0006_0066_0066.jpg 1 27 6 66 66
0297_0025_0026_0059_0059.jpg 1 25 26 59 59
0298_0020_0020_0061_0061.jpg 1 20 20 61 61
0299_0044_0053_0031_0031.jpg 1 44 53 31 31
0300_0030_0006_0058_0058.jpg 1 30 6 58 58
0301_0019_0024_0032_0032.jpg 1 19 24 32 32
0302_0054_0012_0035_0035.jpg 1 54 12 35 35
0303_0019_0006_0051_0051.jpg 1 19 6 51 51
0304_0017_0020_0046_0046.jpg 1 17 20 46 46
0305_0046_0011_0041_0041.jpg 1 46 11 41 41
0306_0043_0011_0042_0042.jpg 1 43 11 42 42
0307_0046_0031_0048_0048.jpg 1 46 31 48 48
0308_0029_0004_0065_0065.jpg 1 29 4 65 65
0309_0018_0008_0037_0037.jpg 1 18 8 37 37
0310_0025_0036_0038_0038.jpg 1 25 36 38 38
0311_0044_0059_0026_0026.jpg 1 44 59 26 26
0312_0006_0028_0067_0067.jpg 1 6 28 67 67
0313_0046_0019_0031_0031.jpg 1 46 19 31 31
0314_0038_0032_0035_0035.jpg 1 38 32 35 35
0315_0026_0048_0045_0045.jpg 1 26 48 45 45
0316_0038_0030_0057_0057.jpg 1 38 30 57 57
0317_0048_0017_0026_0026.jpg 1 48 17 26 26
0318_0011_0017_0064_0064.jpg 1 11 17 64 64
0319_0014_0018_0063_0063.jpg 1 14 18 63 63
0320_0037_0026_0041_0041.jpg 1 37 26 41 41
0321_0033_0029_0049_0049.jpg 1 33 29 49 49
0322_0033_0026_0034_0034.jpg 1 33 26 34 34
0323_0048_0051_0038_0038.jpg 1 48 51 38 38
0324_0044_0040_0038_0038.jpg 1 44 40 38 38
0325_0007_0005_0067_0067.jpg 1 7 5 67 67
0326_0016_0024_0064_0064.jpg 1 16 24 64 64
0327_0017_0017_0048_0048.jpg 1 17 17 48 48
0328_0045_0008_0040_0040.jpg 1 45 8 40 40
0329_0023_0021_0048_0048.jpg 1 23 21 48 48
0330_0022_0029_0062_0062.jpg 1 22 29 62 62
0331_0014_0056_0030_0030.jpg 1 14 56 30 30
0332_0028_0035_0051_0051.jpg 1 28 35 51 51
0333_0051_0048_0036_0036.jpg 1 51 48 36 36
0334_0023_0028_0067_0067.jpg 1 23 28 67 67
0335_0033_0046_0044_0044.jpg 1 33 46 44 44
0336_0017_0020_0040_0040.jpg 1 17 20 40 40
0337_0047_0049_0035_0035.jpg 1 47 49 35 35
0338_0043_0007_0046_0046.jpg 1 43 7 46 46
0339_0045_0036_0048_0048.jpg 1 45 36 48 48
0340_0025_0010_0064_0064.jpg 1 25 10 64 64
0341_0022_0061_0030_0030.jpg 1 22 61 30 30
0342_0006_0048_0040_0040.jpg 1 6 48 40 40
0343_0008_0028_0048_0048.jpg 1 8 28 48 48
0344_0014_0006_0034_0034.jpg 1 14 6 34 34
0345_0023_0056_0035_0035.jpg 1 23 56 35 35
0346_0046_0020_0047_0047.jpg 1 46 20 47 47
0347_0028_0009_0061_0061.jpg 1 28 9 61 61
0348_0029_0036_0049_0049.jpg 1 29 36 49 49
0349_0023_0004_0057_0057.jpg 1 23 4 57 57
0350_0012_0013_0066_0066.jpg 1 12 13 66 66
0351_0025_0042_0032_0032.jpg 1 25 42 32 32
0352_0021_0054_0027_0027.jpg 1 21 54 27 27
0353_0009_0033_0062_0062.jpg 1 9 33 62 62
0354_0011_0006_0047_0047.jpg 1 11 6 47 47
0355_0027_0024_0069_0069.jpg 1 27 24 69 69
0356_0062_0017_0025_0025.jpg 1 62 17 25 25
0357_0019_0016_0050_0050.jpg 1 19 16 50 50
0358_0030_0029_0048_0048.jpg 1 30 29 48 48
0359_0054_0055_0033_0033.jpg 1 54 55 33 33
0360_0016_0018_0053_0053.jpg 1 16 18 53 53
0361_0009_0021_0069_0069.jpg 1 9 21 69 69
0362_0047_0043_0041_0041.jpg 1 47 43 41 41
0363_0017_0025_0065_0065.jpg 1 17 25 65 65
0364_0053_0032_0038_0038.jpg 1 53 32 38 38
0365_0030_0008_0064_0064.jpg 1 30 8 64 64
0366_0007_0008_0030_0030.jpg 1 7 8 30 30
0367_0023_0043_0028_0028.jpg 1 23 43 28 28
0368_0048_0033_0028_0028.jpg 1 48 33 28 28
0369_0028_0011_0034_0034.jpg 1 28 11 34 34
0370_0043_0015_0028_0028.jpg 1 43 15 28 28
0371_0018_0014_0027_0027.jpg 1 18 14 27 27
0372_0019_0007_0025_0025.jpg 1 19 7 25 25
0373_0020_0042_0048_0048.jpg 1 20 42 48 48
0374_0034_0043_0039_0039.jpg 1 34 43 39 39
0375_0034_0013_0060_0060.jpg 1 34 13 60 60
0376_0055_0041_0038_0038.jpg 1 55 41 38 38
0377_0023_0013_0057_0057.jpg 1 23 13 57 57
0378_0032_0041_0049_0049.jpg 1 32 41 49 49
0379_0013_0010_0050_0050.jpg 1 13 10 50 50
0380_0009_0021_0047_0047.jpg 1 9 21 47 47
0381_0019_0011_0069_0069.jpg 1 19 11 69 69
0382_0005_0029_0060_0060.jpg 1 5 29 60 60
0383_0031_0051_0029_0029.jpg 1 31 51 29 29
0384_0026_0005_0050_0050.jpg 1 26 5 50 50
0385_0011_0011_0061_0061.jpg 1 11 11 61 61
0386_0023_0037_0037_0037.jpg 1 23 37 37 37
0387_0050_0051_0040_0040.jpg 1 50 51 40 40
0388_0006_0020_0059_0059.jpg 1 6 20 59 59
0389_0027_0009_0068_0068.jpg 1 27 9 68 68
0390_0051_0056_0035_0035.jpg 1 51 56 35 35
0391_0056_0043_0034_0034.jpg 1 56 43 34 34
0392_0009_0009_0067_0067.jpg 1 9 9 67 67
0393_0013_0034_0050_0050.jpg 1 13 34 50 50
0394_0033_0009_0024_0024.jpg 1 33 9 24 24
0395_0026_0006_0042_0042.jpg 1 26 6 42 42
0396_0013_0005_0055_0055.jpg 1 13 5 55 55
0397_0010_0020_0050_0050.jpg 1 10 20 50 50
0398_0051_0056_0031_0031.jpg 1 51 56 31 31
0399_0061_0026_0026_0026.jpg 1 61 26 26 26
0400_0042_0035_0040_0040.jpg 1 42 35 40 40
0401_0017_0037_0032_0032.jpg 1 17 37 32 32
0402_0008_0032_0063_0063.jpg 1 8 32 63 63
0403_0024_0006_0067_0067.jpg 1 24 6 67 67
0404_0036_0050_0032_0032.jpg 1 36 50 32 32
0405_0036_0043_0049_0049.jpg 1 36 43 49 49
0406_0047_0019_0027_0027.jpg 1 47 19 27 27
0407_0063_0057_0025_0025.jpg 1 63 57 25 25
0408_0052_0044_0025_0025.jpg 1 52 44 25 25
0409_0032_0039_0054_0054.jpg 1 32 39 54 54
0410_0038_0061_0028_0028.jpg 1 38 61 28 28
0411_0010_0035_0040_0040.jpg 1 10 35 40 40
0412_0043_0052_0040_0040.jpg 1 43 52 40 40
0413_0032_0031_0041_0041.jpg 1 32 31 41 41
0414_0042_0041_0028_0028.jpg 1 42 41 28 28
0415_0044_0039_0039_0039.jpg 1 44 39 39 39
0416_0013_0009_0066_0066.jpg 1 13 9 66 66
0417_0029_0012_0060_0060.jpg 1 29 12 60 60
0418_0028_0030_0060_0060.jpg 1 28 30 60 60
0419_0027_0015_0052_0052.jpg 1 27 15 52 52
0420_0010_0004_0069_0069.jpg 1 10 4 69 69
0421_0008_0023_0053_0053.jpg 1 8 23 53 53
0422_0031_0059_0024_0024.jpg 1 31 59 24 24
0423_0024_0040_0048_0048.jpg 1 24 40 48 48
0424_0047_0014_0033_0033.jpg 1 47 14 33 33
0425_0040_0010_0035_0035.jpg 1 40 10 35 35
0426_0028_0027_0051_0051.jpg 1 28 27 51 51
0427_0046_0024_0024_0024.jpg 1 46 24 24 24
0428_0026_0041_0029_0029.jpg 1 26 41 29 29
0429_0028_0056_0029_0029.jpg 1 28 56 29 29
0430_0030_0012_0047_0047.jpg 1 30 12 47 47
0431_0031_0026_0047_0047.jpg 1 31 26 47 47
0432_0012_0030_0036_0036.jpg 1 12 30 36 36
0433_0036_0052_0036_0036.jpg 1 36 52 36 36
0434_0017_0029_0061_0061.jpg 1 17 29 61 61
0435_0010_0038_0046_0046.jpg 1 10 38 46 46
0436_0024_0006_0068_0068.jpg 1 24 6 68 68
0437_0018_0029_0051_0051.jpg 1 18 29 51 51
0438_0012_0043_0048_0048.jpg 1 12 43 48 48
0439_0048_0038_0039_0039.jpg 1 48 38 39 39
0440_0034_0019_0030_0030.jpg 1 34 19 30 30
0441_0008_0034_0024_0024.jpg 1 8 34 24 24
0442_0015_0013_0068_0068.jpg 1 15 13 68 68
0443_0035_0008_0056_0056.jpg 1 35 8 56 56
0444_0030_0007_0057_0057.jpg 1 30 7 57 57
0445_0051_0028_0031_0031.jpg 1 51 28 31 31
0446_0019_0037_0039_0039.jpg 1 19 37 39 39
0447_0062_0060_0029_0029.jpg 1 62 60 29 29
0448_0030_0014_0027_0027.jpg 1 30 14 27 27
0449_0047_0008_0040_0040.jpg 1 47 8 40 40
0450_0029_0018_0067_0067.jpg 1 29 18 67 67
0451_0021_0010_0050_0050.jpg 1 21 10 50 50
0452_0010_0011_0068_0068.jpg 1 10 11 68 68
0453_0008_0015_0063_0063.jpg 1 8 15 63 63
0454_0038_0052_0041_0041.jpg 1 38 52 41 41
0455_0012_0003_0067_0067.jpg 1 12 3 67 67
0456_0005_0034_0047_0047.jpg 1 5 34 47 47
0457_0022_0032_0064_0064.jpg 1 22 32 64 64
0458_0010_0012_0028_0028.jpg 1 10 12 28 28
0459_0039_0031_0038_0038.jpg 1 39 31 38 38
0460_0046_0021_0035_0035.jpg 1 46 21 35 35
0461_0056_0027_0035_0035.jpg 1 56 27 35 35
0462_0010_0019_0069_0069.jpg 1 10 19 69 69
0463_0005_0003_0068_0068.jpg 1 5 3 68 68
0464_0042_0019_0043_0043.jpg 1 42 19 43 43
0465_0013_0014_0063_0063.jpg 1 13 14 63 63
0466_0059_0059_0028_0028.jpg 1 59 59 28 28
0467_0053_0010_0025_0025.jpg 1 53 10 25 25
0468_0046_0038_0047_0047.jpg 1 46 38 47 47
0469_0005_0014_0058_0058.jpg 1 5 14 58 58
0470_0038_0023_0050_0050.jpg 1 38 23 50 50
0471_0031_0020_0045_0045.jpg 1 31 20 45 45
0472_0027_0032_0060_0060.jpg 1 27 32 60 60
0473_0034_0062_0024_0024.jpg 1 34 62 24 24
0474_0006_0031_0061_0061.jpg 1 6 31 61 61
0475_0018_0037_0038_0038.jpg 1 18 37 38 38
0476_0014_0007_0047_0047.jpg 1 14 7 47 47
0477_0039_0013_0043_0043.jpg 1 39 13 43 43
0478_0024_0006_0066_0066.jpg 1 24 6 66 66
0479_0047_0021_0042_0042.jpg 1 47 21 42 42
0480_0038_0025_0048_0048.jpg 1 38 25 48 48
0481_0039_0013_0026_0026.jpg 1 39 13 26 26
0482_0021_0026_0069_0069.jpg 1 21 26 69 69
0483_0011_0011_0055_0055.jpg 1 11 11 55 55
0484_0019_0028_0034_0034.jpg 1 19 28 34 34
0485_0009_0011_0056_0056.jpg 1 9 11 56 56
0486_0007_0028_0062_0062.jpg 1 7 28 62 62
0487_0041_0017_0027_0027.jpg 1 41 17 27 27
0488_0031_0021_0063_0063.jpg 1 31 21 63 63
0489_0014_0020_0067_0067.jpg 1 14 20 67 67
0490_0012_0018_0061_0061.jpg 1 12 18 61 61
0491_0042_0051_0039_0039.jpg 1 42 51 39 39
0492_0026_0007_0030_0030.jpg 1 26 7 30 30
0493_0016_0022_0024_0024.jpg 1 16 22 24 24
0494_0023_0033_0039_0039.jpg 1 23 33 39 39
0495_0035_0024_0058_0058.jpg 1 35 24 58 58
0496_0029_0059_0025_0025.jpg 1 29 59 25 25
0497_0013_0050_0038_0038.jpg 1 13 50 38 38
0498_0008_0004_0066_0066.jpg 1 8 4 66 66
0499_0027_0018_0034_0034.jpg 1 27 18 34 34
0500_0023_0039_0050_0050.jpg 1 23 39 50 50
0501_0021_0024_0063_0063.jpg 1 21 24 63 63
0502_0008_0008_0046_0046.jpg 1 8 8 46 46
0503_0023_0033_0058_0058.jpg 1 23 33 58 58
0504_0031_0022_0054_0054.jpg 1 31 22 54 54
0505_0046_0035_0027_0027.jpg 1 46 35 27 27
0506_0020_0033_0046_0046.jpg 1 20 33 46 46
0507_0046_0036_0048_0048.jpg 1 46 36 48 48
0508_0004_0010_0068_0068.jpg 1 4 10 68 68
0509_0004_0033_0061_0061.jpg 1 4 33 61 61
0510_0006_0019_0053_0053.jpg 1 6 19 53 53
0511_0022_0007_0059_0059.jpg 1 22 7 59 59
0512_0036_0041_0030_0030.jpg 1 36 41 30 30
0513_0020_0008_0036_0036.jpg 1 20 8 36 36
0514_0031_0031_0026_0026.jpg 1 31 31 26 26
0515_0021_0017_0065_0065.jpg 1 21 17 65 65
0516_0017_0061_0030_0030.jpg 1 17 61 30 30
0517_0026_0015_0033_0033.jpg 1 26 15 33 33
0518_0023_0021_0062_0062.jpg 1 23 21 62 62
0519_0019_0025_0033_0033.jpg 1 19 25 33 33
0520_0006_0032_0061_0061.jpg 1 6 32 61 61
0521_0013_0011_0049_0049.jpg 1 13 11 49 49
0522_0056_0052_0030_0030.jpg 1 56 52 30 30
0523_0050_0038_0039_0039.jpg 1 50 38 39 39
0524_0029_0034_0060_0060.jpg 1 29 34 60 60
0525_0060_0022_0029_0029.jpg 1 60 22 29 29
0526_0030_0038_0031_0031.jpg 1 30 38 31 31
0527_0014_0040_0033_0033.jpg 1 14 40 33 33
0528_0028_0041_0048_0048.jpg 1 28 41 48 48
0529_0026_0039_0034_0034.jpg 1 26 39 34 34
0530_0043_0046_0047_0047.jpg 1 43 46 47 47
0531_0044_0039_0039_0039.jpg 1 44 39 39 39
0532_0031_0015_0063_0063.jpg 1 31 15 63 63
0533_0032_0016_0027_0027.jpg 1 32 16 27 27
0534_0029_0062_0029_0029.jpg 1 29 62 29 29
0535_0019_0006_0068_0068.jpg 1 19 6 68 68
0536_0047_0050_0040_0040.jpg 1 47 50 40 40
0537_0058_0015_0024_0024.jpg 1 58 15 24 24
0538_0019_0021_0033_0033.jpg 1 19 21 33 33
0539_0060_0048_0028_0028.jpg 1 60 48 28 28
0540_0029_0010_0038_0038.jpg 1 29 10 38 38
0541_0055_0022_0032_0032.jpg 1 55 22 32 32
0542_0032_0041_0040_0040.jpg 1 32 41 40 40
0543_0012_0019_0068_0068.jpg 1 12 19 68 68
0544_0010_0029_0048_0048.jpg 1 10 29 48 48
0545_0017_0023_0035_0035.jpg 1 17 23 35 35
0546_0014_0045_0041_0041.jpg 1 14 45 41 41
0547_0030_0025_0042_0042.jpg 1 30 25 42 42
0548_0025_0036_0037_0037.jpg 1 25 36 37 37
0549_0011_0019_0041_0041.jpg 1 11 19 41 41
0550_0011_0004_0069_0069.jpg 1 11 4 69 69
0551_0027_0046_0042_0042.jpg 1 27 46 42 42
0552_0049_0032_0036_0036.jpg 1 49 32 36 36
0553_0050_0018_0035_0035.jpg 1 50 18 35 35
0554_0016_0009_0044_0044.jpg 1 16 9 44 44
0555_0006_0021_0049_0049.jpg 1 6 21 49 49
0556_0032_0022_0028_0028.jpg 1 32 22 28 28
0557_0021_0005_0062_0062.jpg 1 21 5 62 62
0558_0035_0047_0044_0044.jpg 1 35 47 44 44
0559_0027_0015_0026_0026.jpg 1 27 15 26 26
0560_0014_0028_0059_0059.jpg 1 14 28 59 59
0561_0034_0005_0054_0054.jpg 1 34 5 54 54
0562_0018_0017_0046_0046.jpg 1 18 17 46 46
0563_0013_0021_0051_0051.jpg 1 13 21 51 51
0564_0062_0042_0027_0027.jpg 1 62 42 27 27
0565_0030_0042_0038_0038.jpg 1 30 42 38 38
0566_0023_0033_0051_0051.jpg 1 23 33 51 51
0567_0006_0017_0067_0067.jpg 1 6 17 67 67
0568_0025_0008_0056_0056.jpg 1 25 8 56 56
0569_0030_0030_0054_0054.jpg 1 30 30 54 54
0570_0021_0008_0056_0056.jpg 1 21 8 56 56
0571_0020_0011_0054_0054.jpg 1 20 11 54 54
0572_0058_0042_0034_0034.jpg 1 58 42 34 34
0573_0016_0032_0027_0027.jpg 1 16 32 27 27
0574_0029_0057_0027_0027.jpg 1 29 57 27 27
0575_0041_0019_0036_0036.jpg 1 41 19 36 36
0576_0005_0012_0062_0062.jpg 1 5 12 62 62
0577_0010_0021_0026_0026.jpg 1 10 21 26 26
0578_0019_0028_0060_0060.jpg 1 19 28 60 60
0579_0015_0030_0063_0063.jpg 1 15 30 63 63
0580_0008_0023_0069_0069.jpg 1 8 23 69 69
0581_0019_0029_0050_0050.jpg 1 19 29 50 50
0582_0023_0004_0062_0062.jpg 1 23 4 62 62
0583_0040_0042_0046_0046.jpg 1 40 42 46 46
0584_0031_0022_0048_0048.jpg 1 31 22 48 48
0585_0042_0042_0039_0039.jpg 1 42 42 39 39
0586_0028_0029_0048_0048.jpg 1 28 29 48 48
0587_0011_0025_0066_0066.jpg 1 11 25 66 66
0588_0027_0021_0053_0053.jpg 1 27 21 53 53
0589_0025_0024_0033_0033.jpg 1 25 24 33 33
0590_0038_0036_0035_0035.jpg 1 38 36 35 35
0591_0039_0019_0045_0045.jpg 1 39 19 45 45
0592_0028_0018_0031_0031.jpg 1 28 18 31 31
0593_0045_0041_0035_0035.jpg 1 45 41 35 35
0594_0036_0030_0040_0040.jpg 1 36 30 40 40
0595_0045_0019_0049_0049.jpg 1 45 19 49 49
0596_0023_0025_0052_0052.jpg 1 23 25 52 52
0597_0011_0023_0068_0068.jpg 1 11 23 68 68
0598_0015_0023_0067_0067.jpg 1 15 23 67 67
0599_0006_0034_0056_0056.jpg 1 6 34 56 56
0600_0042_0027_0039_0039.jpg 1 42 27 39 39
0601_0011_0010_0061_0061.jpg 1 11 10 61 61
0602_0016_0022_0049_0049.jpg 1 16 22 49 49
0603_0019_0033_0025_0025.jpg 1 19 33 25 25
0604_0005_0011_0050_0050.jpg 1 5 11 50 50
0605_0041_0039_0027_0027.jpg 1 41 39 27 27
0606_0010_0023_0061_0061.jpg 1 10 23 61 61
0607_0029_0029_0063_0063.jpg 1 29 29 63 63
0608_0026_0037_0046_0046.jpg 1 26 37 46 46
0609_0028_0026_0061_0061.jpg 1 28 26 61 61
0610_0028_0005_0060_0060.jpg 1 28 5 60 60
0611_0026_0011_0068_0068.jpg 1 26 11 68 68
0612_0029_0020_0034_0034.jpg 1 29 20 34 34
0613_0033_0008_0050_0050.jpg 1 33 8 50 50
0614_0023_0012_0059_0059.jpg 1 23 12 59 59
0615_0050_0040_0032_0032.jpg 1 50 40 32 32
0616_0037_0012_0055_0055.jpg 1 37 12 55 55
0617_0049_0006_0045_0045.jpg 1 49 6 45 45
0618_0019_0026_0050_0050.jpg 1 19 26 50 50
0619_0059_0035_0028_0028.jpg 1 59 35 28 28
0620_0030_0009_0053_0053.jpg 1 30 9 53 53
0621_0058_0033_0031_0031.jpg 1 58 33 31 31
0622_0020_0045_0032_0032.jpg 1 20 45 32 32
0623_0005_0007_0068_0068.jpg 1 5 7 68 68
0624_0041_0016_0040_0040.jpg 1 41 16 40 40
0625_0027_0016_0057_0057.jpg 1 27 16 57 57
0626_0005_0007_0054_0054.jpg 1 5 7 54 54
0627_0036_0026_0034_0034.jpg 1 36 26 34 34
0628_0043_0044_0032_0032.jpg 1 43 44 32 32
0629_0030_0012_0048_0048.jpg 1 30 12 48 48
0630_0005_0012_0053_0053.jpg 1 5 12 53 53
0631_0020_0006_0061_0061.jpg 1 20 6 61 61
0632_0034_0016_0028_0028.jpg 1 34 16 28 28
0633_0034_0039_0039_0039.jpg 1 34 39 39 39
0634_0032_0017_0056_0056.jpg 1 32 17 56 56
0635_0007_0010_0068_0068.jpg 1 7 10 68 68
0636_0043_0019_0043_0043.jpg 1 43 19 43 43
0637_0037_0038_0038_0038.jpg 1 37 38 38 38
0638_0031_0021_0062_0062.jpg 1 31 21 62 62
0639_0029_0048_0032_0032.jpg 1 29 48 32 32
0640_0009_0044_0032_0032.jpg 1 9 44 32 32
0641_0042_0036_0029_0029.jpg 1 42 36 29 29
0642_0009_0040_0054_0054.jpg 1 9 40 54 54
0643_0048_0041_0044_0044.jpg 1 48 41 44 44
0644_0034_0031_0046_0046.jpg 1 34 31 46 46
0645_0054_0055_0030_0030.jpg 1 54 55 30 30
0646_0052_0010_0034_0034.jpg 1 52 10 34 34
0647_0005_0018_0065_0065.jpg 1 5 18 65 65
0648_0004_0010_0063_0063.jpg 1 4 10 63 63
0649_0012_0063_0029_0029.jpg 1 12 63 29 29
0650_0019_0046_0034_0034.jpg 1 19 46 34 34
0651_0041_0016_0033_0033.jpg 1 41 16 33 33
0652_0027_0023_0049_0049.jpg 1 27 23 49 49
0653_0027_0013_0059_0059.jpg 1 27 13 59 59
0654_0005_0006_0044_0044.jpg 1 5 6 44 44
0655_0034_0027_0025_0025.jpg 1 34 27 25 25
0656_0036_0036_0031_0031.jpg 1 36 36 31 31
0657_0005_0027_0066_0066.jpg 1 5 27 66 66
0658_0018_0044_0028_0028.jpg 1 18 44 28 28
0659_0033_0025_0035_0035.jpg 1 33 25 35 35
0660_0021_0054_0026_0026.jpg 1 21 54 26 26
0661_0017_0011_0032_0032.jpg 1 17 11 32 32
0662_0032_0024_0037_0037.jpg 1 32 24 37 37
0663_0012_0016_0061_0061.jpg 1 12 16 61 61
0664_0051_0029_0041_0041.jpg 1 51 29 41 41
0665_0032_0041_0052_0052.jpg 1 32 41 52 52
0666_0014_0033_0049_0049.jpg 1 14 33 49 49
0667_0028_0006_0066_0066.jpg 1 28 6 66 66
0668_0016_0009_0065_0065.jpg 1 16 9 65 65
0669_0016_0027_0047_0047.jpg 1 16 27 47 47
0670_0018_0027_0054_0054.jpg 1 18 27 54 54
0671_0015_0024_0033_0033.jpg 1 15 24 33 33
0672_0008_0010_0065_0065.jpg 1 8 10 65 65
0673_0023_0029_0034_0034.jpg 1 23 29 34 34
0674_0007_0029_0057_0057.jpg 1 7 29 57 57
0675_0040_0048_0037_0037.jpg 1 40 48 37 37
0676_0040_0017_0029_0029.jpg 1 40 17 29 29
0677_0010_0015_0064_0064.jpg 1 10 15 64 64
0678_0022_0030_0042_0042.jpg 1 22 30 42 42
0679_0019_0004_0067_0067.jpg 1 19 4 67 67
0680_0013_0007_0062_0062.jpg 1 13 7 62 62
0681_0015_0022_0049_0049.jpg 1 15 22 49 49
0682_0031_0053_0038_0038.jpg 1 31 53 38 38
0683_0020_0011_0048_0048.jpg 1 20 11 48 48
0684_0022_0026_0068_0068.jpg 1 22 26 68 68
0685_0042_0055_0034_0034.jpg 1 42 55 34 34
0686_0029_0023_0062_0062.jpg 1 29 23 62 62
0687_0018_0022_0032_0032.jpg 1 18 22 32 32
0688_0057_0038_0030_0030.jpg 1 57 38 30 30
0689_0039_0006_0050_0050.jpg 1 39 6 50 50
0690_0039_0061_0028_0028.jpg 1 39 61 28 28
0691_0009_0026_0034_0034.jpg 1 9 26 34 34
0692_0013_0010_0035_0035.jpg 1 13 10 35 35
0693_0027_0038_0053_0053.jpg 1 27 38 53 53
0694_0030_0021_0066_0066.jpg 1 30 21 66 66
0695_0018_0017_0063_0063.jpg 1 18 17 63 63
0696_0049_0041_0036_0036.jpg 1 49 41 36 36
0697_0022_0054_0029_0029.jpg 1 22 54 29 29
0698_0018_0029_0064_0064.jpg 1 18 29 64 64
0699_0037_0029_0042_0042.jpg 1 37 29 42 42
0700_0005_0019_0050_0050.jpg 1 5 19 50 50
0701_0014_0033_0041_0041.jpg 1 14 33 41 41
0702_0012_0033_0063_0063.jpg 1 12 33 63 63
0703_0032_0030_0055_0055.jpg 1 32 30 55 55
0704_0008_0012_0037_0037.jpg 1 8 12 37 37
0705_0028_0028_0043_0043.jpg 1 28 28 43 43
0706_0024_0030_0066_0066.jpg 1 24 30 66 66
0707_0023_0016_0057_0057.jpg 1 23 16 57 57
0708_0003_0011_0067_0067.jpg 1 3 11 67 67
0709_0010_0042_0030_0030.jpg 1 10 42 30 30
0710_0060_0036_0031_0031.jpg 1 60 36 31 31
0711_0004_0008_0060_0060.jpg 1 4 8 60 60
0712_0005_0019_0059_0059.jpg 1 5 19 59 59
0713_0011_0033_0050_0050.jpg 1 11 33 50 50
0714_0025_0020_0049_0049.jpg 1 25 20 49 49
0715_0006_0004_0057_0057.jpg 1 6 4 57 57
0716_0009_0012_0054_0054.jpg 1 9 12 54 54
0717_0011_0034_0024_0024.jpg 1 11 34 24 24
0718_0028_0005_0065_0065.jpg 1 28 5 65 65
0719_0025_0027_0057_0057.jpg 1 25 27 57 57
0720_0028_0041_0045_0045.jpg 1 28 41 45 45
0721_0020_0008_0048_0048.jpg 1 20 8 48 48
0722_0017_0006_0039_0039.jpg 1 17 6 39 39
0723_0023_0058_0029_0029.jpg 1 23 58 29 29
0724_0013_0031_0034_0034.jpg 1 13 31 34 34
0725_0019_0034_0060_0060.jpg 1 19 34 60 60
0726_0031_0013_0064_0064.jpg 1 31 13 64 64
0727_0015_0025_0060_0060.jpg 1 15 25 60 60
0728_0031_0024_0062_0062.jpg 1 31 24 62 62
0729_0035_0010_0042_0042.jpg 1 35 10 42 42
0730_0019_0017_0062_0062.jpg 1 19 17 62 62
0731_0007_0028_0035_0035.jpg 1 7 28 35 35
0732_0025_0023_0056_0056.jpg 1 25 23 56 56
0733_0029_0021_0060_0060.jpg 1 29 21 60 60
0734_0047_0028_0033_0033.jpg 1 47 28 33 33
0735_0048_0018_0041_0041.jpg 1 48 18 41 41
0736_0044_0017_0031_0031.jpg 1 44 17 31 31
0737_0061_0027_0032_0032.jpg 1 61 27 32 32
0738_0019_0016_0050_0050.jpg 1 19 16 50 50
0739_0047_0032_0043_0043.jpg 1 47 32 43 43
0740_0026_0007_0045_0045.jpg 1 26 7 45 45
0741_0032_0031_0035_0035.jpg 1 32 31 35 35
0742_0007_0014_0038_0038.jpg 1 7 14 38 38
0743_0033_0024_0056_0056.jpg 1 33 24 56 56
0744_0028_0056_0035_0035.jpg 1 28 56 35 35
0745_0017_0035_0049_0049.jpg 1 17 35 49 49
0746_0015_0025_0035_0035.jpg 1 15 25 35 35
0747_0064_0045_0026_0026.jpg 1 64 45 26 26
0748_0010_0022_0062_0062.jpg 1 10 22 62 62
0749_0007_0055_0035_0035.jpg 1 7 55 35 35
0750_0023_0055_0028_0028.jpg 1 23 55 28 28
0751_0025_0008_0069_0069.jpg 1 25 8 69 69
0752_0017_0028_0065_0065.jpg 1 17 28 65 65
0753_0009_0023_0043_0043.jpg 1 9 23 43 43
0754_0021_0014_0049_0049.jpg 1 21 14 49 49
0755_0031_0011_0051_0051.jpg 1 31 11 51 51
0756_0024_0021_0067_0067.jpg 1 24 21 67 67
0757_0005_0010_0063_0063.jpg 1 5 10 63 63
0758_0032_0036_0047_0047.jpg 1 32 36 47 47
0759_0036_0032_0046_0046.jpg 1 36 32 46 46
0760_0056_0048_0031_0031.jpg 1 56 48 31 31
0761_0013_0018_0067_0067.jpg 1 13 18 67 67
0762_0033_0008_0059_0059.jpg 1 33 8 59 59
0763_0024_0039_0035_0035.jpg 1 24 39 35 35
0764_0006_0050_0041_0041.jpg 1 6 50 41 41
0765_0062_0053_0030_0030.jpg 1 62 53 30 30
0766_0012_0037_0057_0057.jpg 1 12 37 57 57
0767_0007_0004_0064_0064.jpg 1 7 4 64 64
0768_0020_0017_0054_0054.jpg 1 20 17 54 54
0769_0039_0039_0043_0043.jpg 1 39 39 43 43
0770_0016_0041_0041_0041.jpg 1 16 41 41 41
0771_0007_0020_0054_0054.jpg 1 7 20 54 54
0772_0011_0028_0067_0067.jpg 1 11 28 67 67
0773_0061_0013_0032_0032.jpg 1 61 13 32 32
0774_0033_0022_0040_0040.jpg 1 33 22 40 40
0775_0040_0049_0042_0042.jpg 1 40 49 42 42
0776_0018_0054_0031_0031.jpg 1 18 54 31 31
0777_0019_0051_0037_0037.jpg 1 19 51 37 37
0778_0006_0026_0065_0065.jpg 1 6 26 65 65
0779_0041_0021_0049_0049.jpg 1 41 21 49 49
0780_0024_0033_0060_0060.jpg 1 24 33 60 60
0781_0057_0011_0034_0034.jpg 1 57 11 34 34
0782_0025_0032_0060_0060.jpg 1 25 32 60 60
0783_0042_0046_0034_0034.jpg 1 42 46 34 34
0784_0037_0033_0030_0030.jpg 1 37 33 30 30
0785_0034_0013_0056_0056.jpg 1 34 13 56 56
0786_0031_0025_0062_0062.jpg 1 31 25 62 62
0787_0009_0024_0048_0048.jpg 1 9 24 48 48
0788_0038_0027_0049_0049.jpg 1 38 27 49 49
0789_0035_0039_0047_0047.jpg 1 35 39 47 47
0790_0015_0034_0037_0037.jpg 1 15 34 37 37
0791_0050_0013_0043_0043.jpg 1 50 13 43 43
0792_0014_0035_0056_0056.jpg 1 14 35 56 56
0793_0030_0036_0057_0057.jpg 1 30 36 57 57
0794_0045_0017_0042_0042.jpg 1 45 17 42 42
0795_0056_0054_0028_0028.jpg 1 56 54 28 28
0796_0039_0010_0035_0035.jpg 1 39 10 35 35
0797_0028_0023_0064_0064.jpg 1 28 23 64 64
0798_0011_0028_0059_0059.jpg 1 11 28 59 59
0799_0022_0050_0029_0029.jpg 1 22 50 29 29
0800_0012_0018_0064_0064.jpg 1 12 18 64 64
0801_0020_0020_0053_0053.jpg 1 20 20 53 53
0802_0007_0010_0059_0059.jpg 1 7 10 59 59
0803_0038_0042_0052_0052.jpg 1 38 42 52 52
0804_0011_0038_0054_0054.jpg 1 11 38 54 54
0805_0032_0050_0043_0043.jpg 1 32 50 43 43
0806_0027_0045_0045_0045.jpg 1 27 45 45 45
0807_0043_0044_0025_0025.jpg 1 43 44 25 25
0808_0026_0051_0030_0030.jpg 1 26 51 30 30
0809_0044_0015_0035_0035.jpg 1 44 15 35 35
0810_0024_0013_0051_0051.jpg 1 24 13 51 51
0811_0048_0014_0035_0035.jpg 1 48 14 35 35
0812_0051_0037_0025_0025.jpg 1 51 37 25 25
0813_0009_0014_0044_0044.jpg 1 9 14 44 44
0814_0009_0015_0068_0068.jpg 1 9 15 68 68
0815_0045_0018_0035_0035.jpg 1 45 18 35 35
0816_0045_0025_0042_0042.jpg 1 45 25 42 42
0817_0038_0036_0047_0047.jpg 1 38 36 47 47
0818_0013_0026_0039_0039.jpg 1 13 26 39 39
0819_0055_0038_0034_0034.jpg 1 55 38 34 34
0820_0065_0026_0026_0026.jpg 1 65 26 26 26
0821_0005_0025_0069_0069.jpg 1 5 25 69 69
0822_0029_0043_0047_0047.jpg 1 29 43 47 47
0823_0014_0024_0046_0046.jpg 1 14 24 46 46
0824_0025_0025_0068_0068.jpg 1 25 25 68 68
0825_0007_0022_0031_0031.jpg 1 7 22 31 31
0826_0037_0041_0038_0038.jpg 1 37 41 38 38
0827_0024_0030_0057_0057.jpg 1 24 30 57 57
0828_0024_0039_0047_0047.jpg 1 24 39 47 47
0829_0029_0012_0037_0037.jpg 1 29 12 37 37
0830_0031_0030_0051_0051.jpg 1 31 30 51 51
0831_0009_0004_0066_0066.jpg 1 9 4 66 66
0832_0049_0021_0039_0039.jpg 1 49 21 39 39
0833_0016_0022_0059_0059.jpg 1 16 22 59 59
0834_0033_0012_0024_0024.jpg 1 33 12 24 24
0835_0029_0047_0027_0027.jpg 1 29 47 27 27
0836_0034_0024_0042_0042.jpg 1 34 24 42 42
0837_0014_0013_0060_0060.jpg 1 14 13 60 60
0838_0010_0019_0040_0040.jpg 1 10 19 40 40
0839_0013_0020_0039_0039.jpg 1 13 20 39 39
0840_0039_0034_0041_0041.jpg 1 39 34 41 41
0841_0028_0012_0066_0066.jpg 1 28 12 66 66
0842_0006_0018_0061_0061.jpg 1 6 18 61 61
0843_0038_0017_0050_0050.jpg 1 38 17 50 50
0844_0028_0057_0028_0028.jpg 1 28 57 28 28
0845_0022_0055_0037_0037.jpg 1 22 55 37 37
0846_0004_0028_0068_0068.jpg 1 4 28 68 68
0847_0014_0003_0068_0068.jpg 1 14 3 68 68
0848_0014_0017_0038_0038.jpg 1 14 17 38 38
0849_0033_0007_0056_0056.jpg 1 33 7 56 56
0850_0020_0006_0064_0064.jpg 1 20 6 64 64
0851_0041_0026_0047_0047.jpg 1 41 26 47 47
0852_0006_0025_0038_0038.jpg 1 6 25 38 38
0853_0043_0038_0046_0046.jpg 1 43 38 46 46
0854_0008_0017_0055_0055.jpg 1 8 17 55 55
0855_0041_0049_0044_0044.jpg 1 41 49 44 44
0856_0015_0025_0037_0037.jpg 1 15 25 37 37
0857_0034_0037_0056_0056.jpg 1 34 37 56 56
0858_0008_0007_0057_0057.jpg 1 8 7 57 57
0859_0024_0011_0053_0053.jpg 1 24 11 53 53
0860_0018_0023_0060_0060.jpg 1 18 23 60 60
0861_0060_0027_0028_0028.jpg 1 60 27 28 28
0862_0022_0031_0038_0038.jpg 1 22 31 38 38
0863_0045_0041_0046_0046.jpg 1 45 41 46 46
0864_0022_0022_0039_0039.jpg 1 22 22 39 39
0865_0046_0049_0024_0024.jpg 1 46 49 24 24
0866_0004_0011_0054_0054.jpg 1 4 11 54 54
0867_0040_0009_0049_0049.jpg 1 40 9 49 49
0868_0051_0051_0035_0035.jpg 1 51 51 35 35
0869_0029_0028_0056_0056.jpg 1 29 28 56 56
0870_0009_0033_0038_0038.jpg 1 9 33 38 38
0871_0025_0029_0060_0060.jpg 1 25 29 60 60
0872_0011_0055_0025_0025.jpg 1 11 55 25 25
0873_0027_0010_0041_0041.jpg 1 27 10 41 41
0874_0005_0040_0046_0046.jpg 1 5 40 46 46
0875_0047_0035_0038_0038.jpg 1 47 35 38 38
0876_0005_0040_0046_0046.jpg 1 5 40 46 46
0877_0022_0028_0026_0026.jpg 1 22 28 26 26
0878_0059_0014_0025_0025.jpg 1 59 14 25 25
0879_0027_0026_0028_0028.jpg 1 27 26 28 28
0880_0024_0011_0067_0067.jpg 1 24 11 67 67
0881_0040_0043_0052_0052.jpg 1 40 43 52 52
0882_0030_0027_0040_0040.jpg 1 30 27 40 40
0883_0024_0004_0065_0065.jpg 1 24 4 65 65
0884_0009_0008_0040_0040.jpg 1 9 8 40 40
0885_0030_0011_0030_0030.jpg 1 30 11 30 30
0886_0014_0016_0060_0060.jpg 1 14 16 60 60
0887_0031_0018_0024_0024.jpg 1 31 18 24 24
0888_0007_0028_0031_0031.jpg 1 7 28 31 31
0889_0028_0012_0068_0068.jpg 1 28 12 68 68
0890_0016_0024_0056_0056.jpg 1 16 24 56 56
0891_0017_0053_0033_0033.jpg 1 17 53 33 33
0892_0009_0026_0057_0057.jpg 1 9 26 57 57
0893_0006_0006_0067_0067.jpg 1 6 6 67 67
0894_0014_0014_0061_0061.jpg 1 14 14 61 61
0895_0008_0036_0055_0055.jpg 1 8 36 55 55
0896_0026_0027_0062_0062.jpg 1 26 27 62 62
0897_0005_0029_0060_0060.jpg 1 5 29 60 60
0898_0017_0019_0063_0063.jpg 1 17 19 63 63
0899_0008_0034_0057_0057.jpg 1 8 34 57 57
0900_0006_0046_0045_0045.jpg 1 6 46 45 45
0901_0022_0025_0069_0069.jpg 1 22 25 69 69
0902_0011_0024_0063_0063.jpg 1 11 24 63 63
0903_0051_0057_0024_0024.jpg 1 51 57 24 24
0904_0021_0025_0039_0039.jpg 1 21 25 39 39
0905_0040_0035_0030_0030.jpg 1 40 35 30 30
0906_0027_0021_0044_0044.jpg 1 27 21 44 44
0907_0028_0009_0059_0059.jpg 1 28 9 59 59
0908_0017_0009_0047_0047.jpg 1 17 9 47 47
0909_0007_0021_0061_0061.jpg 1 7 21 61 61
0910_0028_0013_0040_0040.jpg 1 28 13 40 40
0911_0027_0032_0036_0036.jpg 1 27 32 36 36
0912_0022_0017_0032_0032.jpg 1 22 17 32 32
0913_0059_0025_0026_0026.jpg 1 59 25 26 26
0914_0019_0006_0067_0067.jpg 1 19 6 67 67
0915_0031_0008_0037_0037.jpg 1 31 8 37 37
0916_0035_0063_0027_0027.jpg 1 35 63 27 27
0917_0022_0007_0062_0062.jpg 1 22 7 62 62
0918_0031_0008_0051_0051.jpg 1 31 8 51 51
0919_0042_0031_0037_0037.jpg 1 42 31 37 37
0920_0008_0039_0045_0045.jpg 1 8 39 45 45
0921_0029_0028_0066_0066.jpg 1 29 28 66 66
0922_0025_0011_0066_0066.jpg 1 25 11 66 66
0923_0028_0042_0041_0041.jpg 1 28 42 41 41
0924_0021_0010_0025_0025.jpg 1 21 10 25 25
0925_0032_0020_0034_0034.jpg 1 32 20 34 34
0926_0010_0005_0063_0063.jpg 1 10 5 63 63
0927_0013_0022_0045_0045.jpg 1 13 22 45 45
0928_0025_0013_0051_0051.jpg 1 25 13 51 51
0929_0004_0034_0056_0056.jpg 1 4 34 56 56
0930_0035_0033_0037_0037.jpg 1 35 33 37 37
0931_0043_0045_0031_0031.jpg 1 43 45 31 31
0932_0045_0013_0047_0047.jpg 1 45 13 47 47
0933_0042_0055_0035_0035.jpg 1 42 55 35 35
0934_0010_0014_0053_0053.jpg 1 10 14 53 53
0935_0006_0004_0060_0060.jpg 1 6 4 60 60
0936_0024_0031_0053_0053.jpg 1 24 31 53 53
0937_0032_0017_0047_0047.jpg 1 32 17 47 47
0938_0028_0014_0045_0045.jpg 1 28 14 45 45
0939_0008_0026_0051_0051.jpg 1 8 26 51 51
0940_0041_0030_0036_0036.jpg 1 41 30 36 36
0941_0030_0006_0042_0042.jpg 1 30 6 42 42
0942_0016_0022_0051_0051.jpg 1 16 22 51 51
0943_0042_0041_0043_0043.jpg 1 42 41 43 43
0944_0040_0049_0027_0027.jpg 1 40 49 27 27
0945_0050_0038_0036_0036.jpg 1 50 38 36 36
0946_0023_0013_0060_0060.jpg 1 23 13 60 60
0947_0026_0011_0064_0064.jpg 1 26 11 64 64
0948_0030_0039_0056_0056.jpg 1 30 39 56 56
0949_0024_0021_0058_0058.jpg 1 24 21 58 58
0950_0049_0045_0032_0032.jpg 1 49 45 32 32
0951_0025_0032_0035_0035.jpg 1 25 32 35 35
0952_0049_0020_0037_0037.jpg 1 49 20 37 37
0953_0038_0029_0053_0053.jpg 1 38 29 53 53
0954_0024_0007_0059_0059.jpg 1 24 7 59 59
0955_0013_0037_0055_0055.jpg 1 13 37 55 55
0956_0006_0019_0052_0052.jpg 1 6 19 52 52
0957_0021_0019_0062_0062.jpg 1 21 19 62 62
0958_0009_0034_0024_0024.jpg 1 9 34 24 24
0959_0028_0023_0058_0058.jpg 1 28 23 58 58
0960_0007_0049_0029_0029.jpg 1 7 49 29 29
0961_0020_0013_0065_0065.jpg 1 20 13 65 65
0962_0016_0037_0049_0049.jpg 1 16 37 49 49
0963_0007_0035_0035_0035.jpg 1 7 35 35 35
0964_0008_0007_0068_0068.jpg 1 8 7 68 68
0965_0031_0012_0055_0055.jpg 1 31 12 55 55
0966_0028_0014_0039_0039.jpg 1 28 14 39 39
0967_0006_0006_0069_0069.jpg 1 6 6 69 69
0968_0020_0009_0058_0058.jpg 1 20 9 58 58
0969_0012_0027_0057_0057.jpg 1 12 27 57 57
0970_0025_0014_0068_0068.jpg 1 25 14 68 68
0971_0044_0013_0036_0036.jpg 1 44 13 36 36
0972_0017_0021_0059_0059.jpg 1 17 21 59 59
0973_0024_0033_0051_0051.jpg 1 24 33 51 51
0974_0009_0020_0048_0048.jpg 1 9 20 48 48
0975_0008_0025_0048_0048.jpg 1 8 25 48 48
0976_0030_0026_0045_0045.jpg 1 30 26 45 45
0977_0026_0024_0031_0031.jpg 1 26 24 31 31
0978_0025_0025_0061_0061.jpg 1 25 25 61 61
0979_0009_0037_0056_0056.jpg 1 9 37 56 56
0980_0033_0039_0055_0055.jpg 1 33 39 55 55
0981_0035_0025_0046_0046.jpg 1 35 25 46 46
0982_0012_0008_0069_0069.jpg 1 12 8 69 69
0983_0019_0065_0025_0025.jpg 1 19 65 25 25
0984_0064_0030_0026_0026.jpg 1 64 30 26 26
0985_0035_0040_0036_0036.jpg 1 35 40 36 36
0986_0044_0013_0028_0028.jpg 1 44 13 28 28
0987_0031_0026_0055_0055.jpg 1 31 26 55 55
0988_0054_0018_0024_0024.jpg 1 54 18 24 24
0989_0025_0032_0064_0064.jpg 1 25 32 64 64
0990_0016_0022_0057_0057.jpg 1 16 22 57 57
0991_0057_0009_0035_0035.jpg 1 57 9 35 35
0992_0022_0018_0068_0068.jpg 1 22 18 68 68
0993_0005_0025_0049_0049.jpg 1 5 25 49 49
0994_0015_0028_0064_0064.jpg 1 15 28 64 64
0995_0014_0006_0049_0049.jpg 1 14 6 49 49
0996_0029_0013_0052_0052.jpg 1 29 13 52 52
0997_0012_0042_0048_0048.jpg 1 12 42 48 48
0998_0017_0038_0026_0026.jpg 1 17 38 26 26
0999_0010_0006_0057_0057.jpg 1 10 6 57 57
1000_0007_0042_0030_0030.jpg 1 7 42 30 30
